[debug] [2024-11-06T17:28:31.075Z] ----------------------------------------------------------------------
[debug] [2024-11-06T17:28:31.076Z] Command:       /Users/chiayunyen/.nvm/versions/node/v18.17.0/bin/node /Users/chiayunyen/.nvm/versions/node/v18.17.0/bin/firebase init
[debug] [2024-11-06T17:28:31.076Z] CLI Version:   13.24.1
[debug] [2024-11-06T17:28:31.076Z] Platform:      darwin
[debug] [2024-11-06T17:28:31.077Z] Node Version:  v18.17.0
[debug] [2024-11-06T17:28:31.080Z] Time:          Wed Nov 06 2024 12:28:31 GMT-0500 (Eastern Standard Time)
[debug] [2024-11-06T17:28:31.080Z] ----------------------------------------------------------------------
[debug] 
[debug] [2024-11-06T17:28:31.081Z] >>> [apiv2][query] GET https://firebase-public.firebaseio.com/cli.json [none]
[debug] [2024-11-06T17:28:31.128Z] > command requires scopes: ["email","openid","https://www.googleapis.com/auth/cloudplatformprojects.readonly","https://www.googleapis.com/auth/firebase","https://www.googleapis.com/auth/cloud-platform"]
[debug] [2024-11-06T17:28:31.128Z] > authorizing via signed-in user (harper.cy.yen@gmail.com)
[info] 
     ######## #### ########  ######## ########     ###     ######  ########
     ##        ##  ##     ## ##       ##     ##  ##   ##  ##       ##
     ######    ##  ########  ######   ########  #########  ######  ######
     ##        ##  ##    ##  ##       ##     ## ##     ##       ## ##
     ##       #### ##     ## ######## ########  ##     ##  ######  ########

You're about to initialize a Firebase project in this directory:

  /Users/chiayunyen

Before we get started, keep in mind:

  * You are initializing within an existing Firebase project directory

[debug] [2024-11-06T17:28:32.280Z] <<< [apiv2][status] GET https://firebase-public.firebaseio.com/cli.json 200
[debug] [2024-11-06T17:28:32.280Z] <<< [apiv2][body] GET https://firebase-public.firebaseio.com/cli.json {"cloudBuildErrorAfter":1594252800000,"cloudBuildWarnAfter":1590019200000,"defaultNode10After":1594252800000,"minVersion":"3.0.5","node8DeploysDisabledAfter":1613390400000,"node8RuntimeDisabledAfter":1615809600000,"node8WarnAfter":1600128000000}
